<?xml version="1.0" encoding="UTF-8"?>
<!-- Generated by org.testng.reporters.JUnitReportReporter -->
<testsuite hostname="DESKTOP-ICLD36V" failures="0" tests="2" name="testsuite.heroku" time="21.297" errors="0" timestamp="2024-07-09T23:59:28 IST" skipped="0">
  <testcase classname="testsuite.heroku" name="login" time="11.039"/>
  <system-out/>
  <testcase classname="testsuite.heroku" name="login" time="10.258"/>
  <system-out/>
</testsuite> <!-- testsuite.heroku -->
